2024-03-06 19:55:35.652 [info] Extension host with pid 1451 started
2024-03-06 19:55:35.718 [info] ExtensionService#_doActivateExtension vscode.emmet, startup: false, activationEvent: 'onLanguage'
2024-03-06 19:55:35.943 [info] ExtensionService#_doActivateExtension vscode.git-base, startup: true, activationEvent: '*', root cause: vscode.git
2024-03-06 19:55:35.978 [info] ExtensionService#_doActivateExtension vscode.git, startup: true, activationEvent: '*'
2024-03-06 19:55:36.020 [info] ExtensionService#_doActivateExtension vscode.github, startup: true, activationEvent: '*'
2024-03-06 19:55:36.088 [info] Eager extensions activated
2024-03-06 19:55:36.121 [info] ExtensionService#_doActivateExtension vscode.debug-auto-launch, startup: false, activationEvent: 'onStartupFinished'
2024-03-06 19:55:36.130 [info] ExtensionService#_doActivateExtension vscode.merge-conflict, startup: false, activationEvent: 'onStartupFinished'
2024-03-06 19:55:36.140 [info] ExtensionService#_doActivateExtension circlecodesolution.ccs-flutter-color, startup: false, activationEvent: 'onStartupFinished'
2024-03-06 19:55:36.144 [info] ExtensionService#_doActivateExtension sainnhe.gruvbox-material, startup: false, activationEvent: 'onStartupFinished'
2024-03-06 19:55:36.251 [error] [circlecodesolution.ccs-flutter-color] provider FAILED
2024-03-06 19:55:36.254 [error] TypeError: Cannot read properties of undefined (reading 'color')
	at t.default.provideDocumentColors (/home/rotler/.vscode-oss/extensions/circlecodesolution.ccs-flutter-color-1.2.2-universal/dist/extension.js:2:1281)
	at de.provideColors (/usr/lib/code/out/vs/workbench/api/node/extensionHostProcess.js:150:116672)
	at /usr/lib/code/out/vs/workbench/api/node/extensionHostProcess.js:150:133304
	at Oe.s (/usr/lib/code/out/vs/workbench/api/node/extensionHostProcess.js:150:121610)
	at Oe.$provideDocumentColors (/usr/lib/code/out/vs/workbench/api/node/extensionHostProcess.js:150:133292)
	at s.S (/usr/lib/code/out/vs/workbench/api/node/extensionHostProcess.js:147:5519)
	at s.Q (/usr/lib/code/out/vs/workbench/api/node/extensionHostProcess.js:147:5285)
	at s.M (/usr/lib/code/out/vs/workbench/api/node/extensionHostProcess.js:147:4337)
	at s.L (/usr/lib/code/out/vs/workbench/api/node/extensionHostProcess.js:147:3454)
	at w.value (/usr/lib/code/out/vs/workbench/api/node/extensionHostProcess.js:147:2241)
	at n.y (/usr/lib/code/out/vs/workbench/api/node/extensionHostProcess.js:80:1902)
	at n.fire (/usr/lib/code/out/vs/workbench/api/node/extensionHostProcess.js:80:2119)
	at r.fire (/usr/lib/code/out/vs/workbench/api/node/extensionHostProcess.js:105:14091)
	at w.value (/usr/lib/code/out/vs/workbench/api/node/extensionHostProcess.js:173:8050)
	at n.y (/usr/lib/code/out/vs/workbench/api/node/extensionHostProcess.js:80:1902)
	at n.fire (/usr/lib/code/out/vs/workbench/api/node/extensionHostProcess.js:80:2119)
	at r.fire (/usr/lib/code/out/vs/workbench/api/node/extensionHostProcess.js:105:14091)
	at MessagePortMain.<anonymous> (/usr/lib/code/out/vs/workbench/api/node/extensionHostProcess.js:173:6330)
	at MessagePortMain.emit (node:events:514:28)
	at Object.emit (node:electron/js2c/utility_init:2:2285)
2024-03-06 19:55:59.106 [error] [circlecodesolution.ccs-flutter-color] provider FAILED
2024-03-06 19:55:59.107 [error] TypeError: Cannot read properties of undefined (reading 'color')
	at t.default.provideDocumentColors (/home/rotler/.vscode-oss/extensions/circlecodesolution.ccs-flutter-color-1.2.2-universal/dist/extension.js:2:1281)
	at de.provideColors (/usr/lib/code/out/vs/workbench/api/node/extensionHostProcess.js:150:116672)
	at /usr/lib/code/out/vs/workbench/api/node/extensionHostProcess.js:150:133304
	at Oe.s (/usr/lib/code/out/vs/workbench/api/node/extensionHostProcess.js:150:121610)
	at Oe.$provideDocumentColors (/usr/lib/code/out/vs/workbench/api/node/extensionHostProcess.js:150:133292)
	at s.S (/usr/lib/code/out/vs/workbench/api/node/extensionHostProcess.js:147:5519)
	at s.Q (/usr/lib/code/out/vs/workbench/api/node/extensionHostProcess.js:147:5285)
	at s.M (/usr/lib/code/out/vs/workbench/api/node/extensionHostProcess.js:147:4337)
	at s.L (/usr/lib/code/out/vs/workbench/api/node/extensionHostProcess.js:147:3454)
	at w.value (/usr/lib/code/out/vs/workbench/api/node/extensionHostProcess.js:147:2241)
	at n.y (/usr/lib/code/out/vs/workbench/api/node/extensionHostProcess.js:80:1902)
	at n.fire (/usr/lib/code/out/vs/workbench/api/node/extensionHostProcess.js:80:2119)
	at r.fire (/usr/lib/code/out/vs/workbench/api/node/extensionHostProcess.js:105:14091)
	at w.value (/usr/lib/code/out/vs/workbench/api/node/extensionHostProcess.js:173:8050)
	at n.y (/usr/lib/code/out/vs/workbench/api/node/extensionHostProcess.js:80:1902)
	at n.fire (/usr/lib/code/out/vs/workbench/api/node/extensionHostProcess.js:80:2119)
	at r.fire (/usr/lib/code/out/vs/workbench/api/node/extensionHostProcess.js:105:14091)
	at MessagePortMain.<anonymous> (/usr/lib/code/out/vs/workbench/api/node/extensionHostProcess.js:173:6330)
	at MessagePortMain.emit (node:events:514:28)
	at Object.emit (node:electron/js2c/utility_init:2:2285)
2024-03-06 19:56:00.699 [error] [circlecodesolution.ccs-flutter-color] provider FAILED
2024-03-06 19:56:00.700 [error] TypeError: Cannot read properties of undefined (reading 'color')
	at t.default.provideDocumentColors (/home/rotler/.vscode-oss/extensions/circlecodesolution.ccs-flutter-color-1.2.2-universal/dist/extension.js:2:1281)
	at de.provideColors (/usr/lib/code/out/vs/workbench/api/node/extensionHostProcess.js:150:116672)
	at /usr/lib/code/out/vs/workbench/api/node/extensionHostProcess.js:150:133304
	at Oe.s (/usr/lib/code/out/vs/workbench/api/node/extensionHostProcess.js:150:121610)
	at Oe.$provideDocumentColors (/usr/lib/code/out/vs/workbench/api/node/extensionHostProcess.js:150:133292)
	at s.S (/usr/lib/code/out/vs/workbench/api/node/extensionHostProcess.js:147:5519)
	at s.Q (/usr/lib/code/out/vs/workbench/api/node/extensionHostProcess.js:147:5285)
	at s.M (/usr/lib/code/out/vs/workbench/api/node/extensionHostProcess.js:147:4337)
	at s.L (/usr/lib/code/out/vs/workbench/api/node/extensionHostProcess.js:147:3454)
	at w.value (/usr/lib/code/out/vs/workbench/api/node/extensionHostProcess.js:147:2241)
	at n.y (/usr/lib/code/out/vs/workbench/api/node/extensionHostProcess.js:80:1902)
	at n.fire (/usr/lib/code/out/vs/workbench/api/node/extensionHostProcess.js:80:2119)
	at r.fire (/usr/lib/code/out/vs/workbench/api/node/extensionHostProcess.js:105:14091)
	at w.value (/usr/lib/code/out/vs/workbench/api/node/extensionHostProcess.js:173:8050)
	at n.y (/usr/lib/code/out/vs/workbench/api/node/extensionHostProcess.js:80:1902)
	at n.fire (/usr/lib/code/out/vs/workbench/api/node/extensionHostProcess.js:80:2119)
	at r.fire (/usr/lib/code/out/vs/workbench/api/node/extensionHostProcess.js:105:14091)
	at MessagePortMain.<anonymous> (/usr/lib/code/out/vs/workbench/api/node/extensionHostProcess.js:173:6330)
	at MessagePortMain.emit (node:events:514:28)
	at Object.emit (node:electron/js2c/utility_init:2:2285)
