2024-03-06 19:55:34.518 [info] Initial editor state {"filesToOpenOrCreate":[{"fileUri":{"$mid":1,"path":"/home/rotler/.config/awesome/rc.lua","scheme":"file"},"type":1,"exists":true,"options":{}}],"filesToDiff":[],"filesToMerge":[]}
2024-03-06 19:55:35.071 [info] Started local extension host with pid 1451.
2024-03-06 19:55:36.265 [error] Cannot read properties of undefined (reading 'color'): TypeError: Cannot read properties of undefined (reading 'color')
	at t.default.provideDocumentColors (/home/rotler/.vscode-oss/extensions/circlecodesolution.ccs-flutter-color-1.2.2-universal/dist/extension.js:2:1281)
	at de.provideColors (/usr/lib/code/out/vs/workbench/api/node/extensionHostProcess.js:150:116672)
	at /usr/lib/code/out/vs/workbench/api/node/extensionHostProcess.js:150:133304
	at Oe.s (/usr/lib/code/out/vs/workbench/api/node/extensionHostProcess.js:150:121610)
	at Oe.$provideDocumentColors (/usr/lib/code/out/vs/workbench/api/node/extensionHostProcess.js:150:133292)
	at s.S (/usr/lib/code/out/vs/workbench/api/node/extensionHostProcess.js:147:5519)
	at s.Q (/usr/lib/code/out/vs/workbench/api/node/extensionHostProcess.js:147:5285)
	at s.M (/usr/lib/code/out/vs/workbench/api/node/extensionHostProcess.js:147:4337)
	at s.L (/usr/lib/code/out/vs/workbench/api/node/extensionHostProcess.js:147:3454)
	at w.value (/usr/lib/code/out/vs/workbench/api/node/extensionHostProcess.js:147:2241)
	at n.y (/usr/lib/code/out/vs/workbench/api/node/extensionHostProcess.js:80:1902)
	at n.fire (/usr/lib/code/out/vs/workbench/api/node/extensionHostProcess.js:80:2119)
	at r.fire (/usr/lib/code/out/vs/workbench/api/node/extensionHostProcess.js:105:14091)
	at w.value (/usr/lib/code/out/vs/workbench/api/node/extensionHostProcess.js:173:8050)
	at n.y (/usr/lib/code/out/vs/workbench/api/node/extensionHostProcess.js:80:1902)
	at n.fire (/usr/lib/code/out/vs/workbench/api/node/extensionHostProcess.js:80:2119)
	at r.fire (/usr/lib/code/out/vs/workbench/api/node/extensionHostProcess.js:105:14091)
	at MessagePortMain.<anonymous> (/usr/lib/code/out/vs/workbench/api/node/extensionHostProcess.js:173:6330)
	at MessagePortMain.emit (node:events:514:28)
	at Object.emit (node:electron/js2c/utility_init:2:2285)
2024-03-06 19:55:37.894 [info] [perf] Render performance baseline is 78ms
2024-03-06 19:55:59.110 [error] Cannot read properties of undefined (reading 'color'): TypeError: Cannot read properties of undefined (reading 'color')
	at t.default.provideDocumentColors (/home/rotler/.vscode-oss/extensions/circlecodesolution.ccs-flutter-color-1.2.2-universal/dist/extension.js:2:1281)
	at de.provideColors (/usr/lib/code/out/vs/workbench/api/node/extensionHostProcess.js:150:116672)
	at /usr/lib/code/out/vs/workbench/api/node/extensionHostProcess.js:150:133304
	at Oe.s (/usr/lib/code/out/vs/workbench/api/node/extensionHostProcess.js:150:121610)
	at Oe.$provideDocumentColors (/usr/lib/code/out/vs/workbench/api/node/extensionHostProcess.js:150:133292)
	at s.S (/usr/lib/code/out/vs/workbench/api/node/extensionHostProcess.js:147:5519)
	at s.Q (/usr/lib/code/out/vs/workbench/api/node/extensionHostProcess.js:147:5285)
	at s.M (/usr/lib/code/out/vs/workbench/api/node/extensionHostProcess.js:147:4337)
	at s.L (/usr/lib/code/out/vs/workbench/api/node/extensionHostProcess.js:147:3454)
	at w.value (/usr/lib/code/out/vs/workbench/api/node/extensionHostProcess.js:147:2241)
	at n.y (/usr/lib/code/out/vs/workbench/api/node/extensionHostProcess.js:80:1902)
	at n.fire (/usr/lib/code/out/vs/workbench/api/node/extensionHostProcess.js:80:2119)
	at r.fire (/usr/lib/code/out/vs/workbench/api/node/extensionHostProcess.js:105:14091)
	at w.value (/usr/lib/code/out/vs/workbench/api/node/extensionHostProcess.js:173:8050)
	at n.y (/usr/lib/code/out/vs/workbench/api/node/extensionHostProcess.js:80:1902)
	at n.fire (/usr/lib/code/out/vs/workbench/api/node/extensionHostProcess.js:80:2119)
	at r.fire (/usr/lib/code/out/vs/workbench/api/node/extensionHostProcess.js:105:14091)
	at MessagePortMain.<anonymous> (/usr/lib/code/out/vs/workbench/api/node/extensionHostProcess.js:173:6330)
	at MessagePortMain.emit (node:events:514:28)
	at Object.emit (node:electron/js2c/utility_init:2:2285)
2024-03-06 19:56:00.708 [error] Cannot read properties of undefined (reading 'color'): TypeError: Cannot read properties of undefined (reading 'color')
	at t.default.provideDocumentColors (/home/rotler/.vscode-oss/extensions/circlecodesolution.ccs-flutter-color-1.2.2-universal/dist/extension.js:2:1281)
	at de.provideColors (/usr/lib/code/out/vs/workbench/api/node/extensionHostProcess.js:150:116672)
	at /usr/lib/code/out/vs/workbench/api/node/extensionHostProcess.js:150:133304
	at Oe.s (/usr/lib/code/out/vs/workbench/api/node/extensionHostProcess.js:150:121610)
	at Oe.$provideDocumentColors (/usr/lib/code/out/vs/workbench/api/node/extensionHostProcess.js:150:133292)
	at s.S (/usr/lib/code/out/vs/workbench/api/node/extensionHostProcess.js:147:5519)
	at s.Q (/usr/lib/code/out/vs/workbench/api/node/extensionHostProcess.js:147:5285)
	at s.M (/usr/lib/code/out/vs/workbench/api/node/extensionHostProcess.js:147:4337)
	at s.L (/usr/lib/code/out/vs/workbench/api/node/extensionHostProcess.js:147:3454)
	at w.value (/usr/lib/code/out/vs/workbench/api/node/extensionHostProcess.js:147:2241)
	at n.y (/usr/lib/code/out/vs/workbench/api/node/extensionHostProcess.js:80:1902)
	at n.fire (/usr/lib/code/out/vs/workbench/api/node/extensionHostProcess.js:80:2119)
	at r.fire (/usr/lib/code/out/vs/workbench/api/node/extensionHostProcess.js:105:14091)
	at w.value (/usr/lib/code/out/vs/workbench/api/node/extensionHostProcess.js:173:8050)
	at n.y (/usr/lib/code/out/vs/workbench/api/node/extensionHostProcess.js:80:1902)
	at n.fire (/usr/lib/code/out/vs/workbench/api/node/extensionHostProcess.js:80:2119)
	at r.fire (/usr/lib/code/out/vs/workbench/api/node/extensionHostProcess.js:105:14091)
	at MessagePortMain.<anonymous> (/usr/lib/code/out/vs/workbench/api/node/extensionHostProcess.js:173:6330)
	at MessagePortMain.emit (node:events:514:28)
	at Object.emit (node:electron/js2c/utility_init:2:2285)
