2024-03-06 18:40:23.114 [info] Extension host with pid 5122 started
2024-03-06 18:40:23.114 [info] Skipping acquiring lock for /home/rotler/.config/Code - OSS/User/workspaceStorage/436b11df1aef6ec9af5bc0f850cd4bd1.
2024-03-06 18:40:23.218 [info] ExtensionService#_doActivateExtension vscode.emmet, startup: false, activationEvent: 'onLanguage'
2024-03-06 18:40:23.327 [info] ExtensionService#_doActivateExtension vscode.git-base, startup: true, activationEvent: '*', root cause: vscode.git
2024-03-06 18:40:23.346 [info] ExtensionService#_doActivateExtension vscode.git, startup: true, activationEvent: '*'
2024-03-06 18:40:23.393 [info] ExtensionService#_doActivateExtension vscode.github, startup: true, activationEvent: '*'
2024-03-06 18:40:23.486 [info] Eager extensions activated
2024-03-06 18:40:23.587 [info] ExtensionService#_doActivateExtension vscode.debug-auto-launch, startup: false, activationEvent: 'onStartupFinished'
2024-03-06 18:40:23.591 [info] ExtensionService#_doActivateExtension vscode.merge-conflict, startup: false, activationEvent: 'onStartupFinished'
2024-03-06 18:40:23.605 [info] ExtensionService#_doActivateExtension circlecodesolution.ccs-flutter-color, startup: false, activationEvent: 'onStartupFinished'
2024-03-06 18:40:23.613 [info] ExtensionService#_doActivateExtension sainnhe.gruvbox-material, startup: false, activationEvent: 'onStartupFinished'
2024-03-06 18:40:24.069 [info] ExtensionService#_doActivateExtension vscode.github-authentication, startup: false, activationEvent: 'onAuthenticationRequest:github'
2024-03-06 18:41:31.691 [info] Extension host terminating: renderer closed the MessagePort
2024-03-06 18:41:31.703 [error] Canceled: Canceled
	at new $ (/usr/lib/code/out/vs/workbench/api/node/extensionHostProcess.js:140:45885)
	at s.U (/usr/lib/code/out/vs/workbench/api/node/extensionHostProcess.js:147:5556)
	at z.<computed>.T.charCodeAt.z.<computed> (/usr/lib/code/out/vs/workbench/api/node/extensionHostProcess.js:147:3007)
	at l.g (/usr/lib/code/out/vs/workbench/api/node/extensionHostProcess.js:150:184415)
	at l.executeCommand (/usr/lib/code/out/vs/workbench/api/node/extensionHostProcess.js:150:183853)
	at f.registerCommand.description (/usr/lib/code/out/vs/workbench/api/node/extensionHostProcess.js:150:183177)
	at l.h (/usr/lib/code/out/vs/workbench/api/node/extensionHostProcess.js:150:184954)
	at l.g (/usr/lib/code/out/vs/workbench/api/node/extensionHostProcess.js:150:183946)
	at l.executeCommand (/usr/lib/code/out/vs/workbench/api/node/extensionHostProcess.js:150:183853)
	at Object.executeCommand (/usr/lib/code/out/vs/workbench/api/node/extensionHostProcess.js:160:21654)
	at w.O [as value] (/usr/lib/code/extensions/git/dist/main.js:2:943479)
	at n.y (/usr/lib/code/out/vs/workbench/api/node/extensionHostProcess.js:80:1902)
	at n.z (/usr/lib/code/out/vs/workbench/api/node/extensionHostProcess.js:80:1972)
	at n.fire (/usr/lib/code/out/vs/workbench/api/node/extensionHostProcess.js:80:2188)
	at Object.m [as dispose] (/usr/lib/code/extensions/git/dist/main.js:2:962791)
	at /usr/lib/code/extensions/git/dist/main.js:2:968825
	at Array.forEach (<anonymous>)
	at f.dispose (/usr/lib/code/extensions/git/dist/main.js:2:968811)
	at u.<anonymous> (/usr/lib/code/out/vs/workbench/api/node/extensionHostProcess.js:148:3704)
	at u.dispose (/usr/lib/code/out/vs/workbench/api/node/extensionHostProcess.js:148:3801)
	at u.<anonymous> (/usr/lib/code/extensions/git/dist/main.js:2:945736)
	at u.dispose (/usr/lib/code/out/vs/workbench/api/node/extensionHostProcess.js:148:3801)
	at o (/usr/lib/code/out/vs/workbench/api/node/extensionHostProcess.js:30:754)
	at w.cb (/usr/lib/code/out/vs/workbench/api/node/extensionHostProcess.js:156:9882)
	at /usr/lib/code/out/vs/workbench/api/node/extensionHostProcess.js:156:7816
	at Array.map (<anonymous>)
	at w.Y (/usr/lib/code/out/vs/workbench/api/node/extensionHostProcess.js:156:7803)
	at w.terminate (/usr/lib/code/out/vs/workbench/api/node/extensionHostProcess.js:156:8076)
	at o.terminate (/usr/lib/code/out/vs/workbench/api/node/extensionHostProcess.js:160:1513)
	at t (/usr/lib/code/out/vs/workbench/api/node/extensionHostProcess.js:173:9949)
	at MessagePortMain.<anonymous> (/usr/lib/code/out/vs/workbench/api/node/extensionHostProcess.js:173:6374)
	at MessagePortMain.emit (node:events:514:28)
	at Object.emit (node:electron/js2c/utility_init:2:2285) setContext undefined
2024-03-06 18:41:31.704 [error] Canceled: Canceled
	at new $ (/usr/lib/code/out/vs/workbench/api/node/extensionHostProcess.js:140:45885)
	at s.U (/usr/lib/code/out/vs/workbench/api/node/extensionHostProcess.js:147:5556)
	at z.<computed>.T.charCodeAt.z.<computed> (/usr/lib/code/out/vs/workbench/api/node/extensionHostProcess.js:147:3007)
	at l.g (/usr/lib/code/out/vs/workbench/api/node/extensionHostProcess.js:150:184415)
	at l.executeCommand (/usr/lib/code/out/vs/workbench/api/node/extensionHostProcess.js:150:183853)
	at f.registerCommand.description (/usr/lib/code/out/vs/workbench/api/node/extensionHostProcess.js:150:183177)
	at l.h (/usr/lib/code/out/vs/workbench/api/node/extensionHostProcess.js:150:184954)
	at l.g (/usr/lib/code/out/vs/workbench/api/node/extensionHostProcess.js:150:183946)
	at l.executeCommand (/usr/lib/code/out/vs/workbench/api/node/extensionHostProcess.js:150:183853)
	at Object.executeCommand (/usr/lib/code/out/vs/workbench/api/node/extensionHostProcess.js:160:21654)
	at set hasGitHubRepositories [as hasGitHubRepositories] (/usr/lib/code/extensions/github/dist/extension.js:2:325214)
	at /usr/lib/code/extensions/github/dist/extension.js:2:326173
	at w.value (/usr/lib/code/extensions/git/dist/main.js:2:1050811)
	at n.y (/usr/lib/code/out/vs/workbench/api/node/extensionHostProcess.js:80:1902)
	at n.z (/usr/lib/code/out/vs/workbench/api/node/extensionHostProcess.js:80:1972)
	at n.fire (/usr/lib/code/out/vs/workbench/api/node/extensionHostProcess.js:80:2188)
	at Object.m [as dispose] (/usr/lib/code/extensions/git/dist/main.js:2:962791)
	at /usr/lib/code/extensions/git/dist/main.js:2:968825
	at Array.forEach (<anonymous>)
	at f.dispose (/usr/lib/code/extensions/git/dist/main.js:2:968811)
	at u.<anonymous> (/usr/lib/code/out/vs/workbench/api/node/extensionHostProcess.js:148:3704)
	at u.dispose (/usr/lib/code/out/vs/workbench/api/node/extensionHostProcess.js:148:3801)
	at u.<anonymous> (/usr/lib/code/extensions/git/dist/main.js:2:945736)
	at u.dispose (/usr/lib/code/out/vs/workbench/api/node/extensionHostProcess.js:148:3801)
	at o (/usr/lib/code/out/vs/workbench/api/node/extensionHostProcess.js:30:754)
	at w.cb (/usr/lib/code/out/vs/workbench/api/node/extensionHostProcess.js:156:9882)
	at /usr/lib/code/out/vs/workbench/api/node/extensionHostProcess.js:156:7816
	at Array.map (<anonymous>)
	at w.Y (/usr/lib/code/out/vs/workbench/api/node/extensionHostProcess.js:156:7803)
	at w.terminate (/usr/lib/code/out/vs/workbench/api/node/extensionHostProcess.js:156:8076)
	at o.terminate (/usr/lib/code/out/vs/workbench/api/node/extensionHostProcess.js:160:1513)
	at t (/usr/lib/code/out/vs/workbench/api/node/extensionHostProcess.js:173:9949)
	at MessagePortMain.<anonymous> (/usr/lib/code/out/vs/workbench/api/node/extensionHostProcess.js:173:6374)
	at MessagePortMain.emit (node:events:514:28)
	at Object.emit (node:electron/js2c/utility_init:2:2285) setContext undefined
2024-03-06 18:41:31.704 [info] Extension host with pid 5122 exiting with code 0
