2024-03-06 18:35:25.052 [info] Log level: Info
2024-03-06 18:35:25.052 [info] Validating found git in: "git"
2024-03-06 18:35:25.052 [info] Using git "2.44.0" from "git"
2024-03-06 18:35:25.052 [info] > git rev-parse --show-toplevel [11ms]
2024-03-06 18:35:25.052 [info] fatal: not a git repository (or any of the parent directories): .git
2024-03-06 18:35:25.052 [info] > git rev-parse --show-toplevel [2ms]
2024-03-06 18:35:25.052 [info] fatal: not a git repository (or any of the parent directories): .git
2024-03-06 18:35:25.054 [info] > git rev-parse --show-toplevel [10ms]
2024-03-06 18:35:25.054 [info] fatal: not a git repository (or any of the parent directories): .git
2024-03-06 18:35:25.086 [info] > git rev-parse --show-toplevel [12ms]
2024-03-06 18:35:25.086 [info] fatal: not a git repository (or any of the parent directories): .git
2024-03-06 18:35:25.097 [info] > git rev-parse --show-toplevel [1ms]
2024-03-06 18:35:25.097 [info] fatal: not a git repository (or any of the parent directories): .git
2024-03-06 18:35:25.107 [info] > git rev-parse --show-toplevel [2ms]
2024-03-06 18:35:25.107 [info] fatal: not a git repository (or any of the parent directories): .git
2024-03-06 18:35:25.119 [info] > git rev-parse --show-toplevel [2ms]
2024-03-06 18:35:25.119 [info] fatal: not a git repository (or any of the parent directories): .git
2024-03-06 18:35:25.134 [info] > git rev-parse --show-toplevel [2ms]
2024-03-06 18:35:25.134 [info] fatal: not a git repository (or any of the parent directories): .git
2024-03-06 18:35:25.148 [info] > git rev-parse --show-toplevel [3ms]
2024-03-06 18:35:25.148 [info] fatal: not a git repository (or any of the parent directories): .git
2024-03-06 18:35:25.158 [info] > git rev-parse --show-toplevel [2ms]
2024-03-06 18:35:25.158 [info] fatal: not a git repository (or any of the parent directories): .git
2024-03-06 18:35:25.168 [info] > git rev-parse --show-toplevel [1ms]
2024-03-06 18:35:25.168 [info] fatal: not a git repository (or any of the parent directories): .git
2024-03-06 18:35:25.178 [info] > git rev-parse --show-toplevel [1ms]
2024-03-06 18:35:25.192 [info] > git rev-parse --git-dir --git-common-dir [2ms]
2024-03-06 18:35:25.216 [info] Open repository: /home/rotler/.config/nvim
2024-03-06 18:35:25.238 [info] > git rev-parse --show-toplevel [3ms]
2024-03-06 18:35:25.238 [info] fatal: not a git repository (or any of the parent directories): .git
2024-03-06 18:35:25.239 [info] > git config --get commit.template [13ms]
2024-03-06 18:35:25.264 [info] > git for-each-ref --format=%(refname)%00%(upstream:short)%00%(objectname)%00%(upstream:track)%00%(upstream:remotename)%00%(upstream:remoteref) refs/heads/v2.0 refs/remotes/v2.0 [5ms]
2024-03-06 18:35:25.266 [info] > git rev-parse --show-toplevel [17ms]
2024-03-06 18:35:25.266 [info] fatal: not a git repository (or any of the parent directories): .git
2024-03-06 18:35:25.280 [warning] ENOENT: no such file or directory, open '/home/rotler/.config/nvim/.git/refs/remotes/origin/v2.0'
2024-03-06 18:35:25.291 [info] > git rev-parse refs/remotes/origin/v2.0 [11ms]
2024-03-06 18:35:25.309 [info] > git status -z -uall [3ms]
2024-03-06 18:35:25.326 [info] > git rev-parse --show-toplevel [36ms]
2024-03-06 18:35:25.326 [info] fatal: not a git repository (or any of the parent directories): .git
2024-03-06 18:35:25.353 [info] > git rev-parse --show-toplevel [2ms]
2024-03-06 18:35:25.353 [info] fatal: not a git repository (or any of the parent directories): .git
2024-03-06 18:35:25.354 [info] > git config --get commit.template [19ms]
2024-03-06 18:35:25.380 [info] > git for-each-ref --format=%(refname)%00%(upstream:short)%00%(objectname)%00%(upstream:track)%00%(upstream:remotename)%00%(upstream:remoteref) refs/heads/v2.0 refs/remotes/v2.0 [2ms]
2024-03-06 18:35:25.386 [info] > git rev-parse --show-toplevel [13ms]
2024-03-06 18:35:25.386 [info] fatal: not a git repository (or any of the parent directories): .git
2024-03-06 18:35:25.429 [warning] ENOENT: no such file or directory, open '/home/rotler/.config/nvim/.git/refs/remotes/origin/v2.0'
2024-03-06 18:35:25.446 [info] > git rev-parse --show-toplevel [4ms]
2024-03-06 18:35:25.446 [info] fatal: not a git repository (or any of the parent directories): .git
2024-03-06 18:35:25.446 [info] > git rev-parse refs/remotes/origin/v2.0 [17ms]
2024-03-06 18:35:25.469 [info] > git status -z -uall [15ms]
2024-03-06 18:35:25.475 [info] > git rev-parse --show-toplevel [7ms]
2024-03-06 18:35:25.475 [info] fatal: not a git repository (or any of the parent directories): .git
2024-03-06 18:35:25.490 [info] > git rev-parse --show-toplevel [1ms]
2024-03-06 18:35:25.490 [info] fatal: not a git repository (or any of the parent directories): .git
2024-03-06 18:35:25.512 [info] > git rev-parse --show-toplevel [2ms]
2024-03-06 18:35:25.512 [info] fatal: not a git repository (or any of the parent directories): .git
2024-03-06 18:35:25.527 [info] > git rev-parse --show-toplevel [2ms]
2024-03-06 18:35:25.527 [info] fatal: not a git repository (or any of the parent directories): .git
2024-03-06 18:35:25.736 [info] > git rev-parse --show-toplevel [4ms]
2024-03-06 18:35:25.736 [info] fatal: not a git repository (or any of the parent directories): .git
2024-03-06 18:35:26.708 [info] > git check-ignore -v -z --stdin [10ms]
2024-03-06 18:35:29.668 [info] > git rev-parse --show-toplevel [1ms]
2024-03-06 18:35:29.668 [info] fatal: not a git repository (or any of the parent directories): .git
