2024-03-06 18:41:41.111 [info] Started local extension host with pid 5398.
2024-03-06 18:41:44.033 [info] [perf] Render performance baseline is 67ms
2024-03-06 18:42:03.998 [error] Cannot read properties of undefined (reading 'color'): TypeError: Cannot read properties of undefined (reading 'color')
	at t.default.provideDocumentColors (/home/rotler/.vscode-oss/extensions/circlecodesolution.ccs-flutter-color-1.2.2-universal/dist/extension.js:2:1281)
	at de.provideColors (/usr/lib/code/out/vs/workbench/api/node/extensionHostProcess.js:150:116672)
	at /usr/lib/code/out/vs/workbench/api/node/extensionHostProcess.js:150:133304
	at Oe.s (/usr/lib/code/out/vs/workbench/api/node/extensionHostProcess.js:150:121610)
	at Oe.$provideDocumentColors (/usr/lib/code/out/vs/workbench/api/node/extensionHostProcess.js:150:133292)
	at s.S (/usr/lib/code/out/vs/workbench/api/node/extensionHostProcess.js:147:5519)
	at s.Q (/usr/lib/code/out/vs/workbench/api/node/extensionHostProcess.js:147:5285)
	at s.M (/usr/lib/code/out/vs/workbench/api/node/extensionHostProcess.js:147:4337)
	at s.L (/usr/lib/code/out/vs/workbench/api/node/extensionHostProcess.js:147:3454)
	at w.value (/usr/lib/code/out/vs/workbench/api/node/extensionHostProcess.js:147:2241)
	at n.y (/usr/lib/code/out/vs/workbench/api/node/extensionHostProcess.js:80:1902)
	at n.fire (/usr/lib/code/out/vs/workbench/api/node/extensionHostProcess.js:80:2119)
	at r.fire (/usr/lib/code/out/vs/workbench/api/node/extensionHostProcess.js:105:14091)
	at w.value (/usr/lib/code/out/vs/workbench/api/node/extensionHostProcess.js:173:8050)
	at n.y (/usr/lib/code/out/vs/workbench/api/node/extensionHostProcess.js:80:1902)
	at n.fire (/usr/lib/code/out/vs/workbench/api/node/extensionHostProcess.js:80:2119)
	at r.fire (/usr/lib/code/out/vs/workbench/api/node/extensionHostProcess.js:105:14091)
	at MessagePortMain.<anonymous> (/usr/lib/code/out/vs/workbench/api/node/extensionHostProcess.js:173:6330)
	at MessagePortMain.emit (node:events:514:28)
	at Object.emit (node:electron/js2c/utility_init:2:2285)
2024-03-06 18:45:11.534 [error] Cannot read properties of undefined (reading 'color'): TypeError: Cannot read properties of undefined (reading 'color')
	at t.default.provideDocumentColors (/home/rotler/.vscode-oss/extensions/circlecodesolution.ccs-flutter-color-1.2.2-universal/dist/extension.js:2:1281)
	at de.provideColors (/usr/lib/code/out/vs/workbench/api/node/extensionHostProcess.js:150:116672)
	at /usr/lib/code/out/vs/workbench/api/node/extensionHostProcess.js:150:133304
	at Oe.s (/usr/lib/code/out/vs/workbench/api/node/extensionHostProcess.js:150:121610)
	at Oe.$provideDocumentColors (/usr/lib/code/out/vs/workbench/api/node/extensionHostProcess.js:150:133292)
	at s.S (/usr/lib/code/out/vs/workbench/api/node/extensionHostProcess.js:147:5519)
	at s.Q (/usr/lib/code/out/vs/workbench/api/node/extensionHostProcess.js:147:5285)
	at s.M (/usr/lib/code/out/vs/workbench/api/node/extensionHostProcess.js:147:4337)
	at s.L (/usr/lib/code/out/vs/workbench/api/node/extensionHostProcess.js:147:3454)
	at w.value (/usr/lib/code/out/vs/workbench/api/node/extensionHostProcess.js:147:2241)
	at n.y (/usr/lib/code/out/vs/workbench/api/node/extensionHostProcess.js:80:1902)
	at n.fire (/usr/lib/code/out/vs/workbench/api/node/extensionHostProcess.js:80:2119)
	at r.fire (/usr/lib/code/out/vs/workbench/api/node/extensionHostProcess.js:105:14091)
	at w.value (/usr/lib/code/out/vs/workbench/api/node/extensionHostProcess.js:173:8050)
	at n.y (/usr/lib/code/out/vs/workbench/api/node/extensionHostProcess.js:80:1902)
	at n.fire (/usr/lib/code/out/vs/workbench/api/node/extensionHostProcess.js:80:2119)
	at r.fire (/usr/lib/code/out/vs/workbench/api/node/extensionHostProcess.js:105:14091)
	at MessagePortMain.<anonymous> (/usr/lib/code/out/vs/workbench/api/node/extensionHostProcess.js:173:6330)
	at MessagePortMain.emit (node:events:514:28)
	at Object.emit (node:electron/js2c/utility_init:2:2285)
2024-03-06 18:46:06.854 [error] Cannot read properties of undefined (reading 'color'): TypeError: Cannot read properties of undefined (reading 'color')
	at t.default.provideDocumentColors (/home/rotler/.vscode-oss/extensions/circlecodesolution.ccs-flutter-color-1.2.2-universal/dist/extension.js:2:1281)
	at de.provideColors (/usr/lib/code/out/vs/workbench/api/node/extensionHostProcess.js:150:116672)
	at /usr/lib/code/out/vs/workbench/api/node/extensionHostProcess.js:150:133304
	at Oe.s (/usr/lib/code/out/vs/workbench/api/node/extensionHostProcess.js:150:121610)
	at Oe.$provideDocumentColors (/usr/lib/code/out/vs/workbench/api/node/extensionHostProcess.js:150:133292)
	at s.S (/usr/lib/code/out/vs/workbench/api/node/extensionHostProcess.js:147:5519)
	at s.Q (/usr/lib/code/out/vs/workbench/api/node/extensionHostProcess.js:147:5285)
	at s.M (/usr/lib/code/out/vs/workbench/api/node/extensionHostProcess.js:147:4337)
	at s.L (/usr/lib/code/out/vs/workbench/api/node/extensionHostProcess.js:147:3454)
	at w.value (/usr/lib/code/out/vs/workbench/api/node/extensionHostProcess.js:147:2241)
	at n.y (/usr/lib/code/out/vs/workbench/api/node/extensionHostProcess.js:80:1902)
	at n.fire (/usr/lib/code/out/vs/workbench/api/node/extensionHostProcess.js:80:2119)
	at r.fire (/usr/lib/code/out/vs/workbench/api/node/extensionHostProcess.js:105:14091)
	at w.value (/usr/lib/code/out/vs/workbench/api/node/extensionHostProcess.js:173:8050)
	at n.y (/usr/lib/code/out/vs/workbench/api/node/extensionHostProcess.js:80:1902)
	at n.fire (/usr/lib/code/out/vs/workbench/api/node/extensionHostProcess.js:80:2119)
	at r.fire (/usr/lib/code/out/vs/workbench/api/node/extensionHostProcess.js:105:14091)
	at MessagePortMain.<anonymous> (/usr/lib/code/out/vs/workbench/api/node/extensionHostProcess.js:173:6330)
	at MessagePortMain.emit (node:events:514:28)
	at Object.emit (node:electron/js2c/utility_init:2:2285)
2024-03-06 18:46:09.762 [error] Cannot read properties of undefined (reading 'color'): TypeError: Cannot read properties of undefined (reading 'color')
	at t.default.provideDocumentColors (/home/rotler/.vscode-oss/extensions/circlecodesolution.ccs-flutter-color-1.2.2-universal/dist/extension.js:2:1281)
	at de.provideColors (/usr/lib/code/out/vs/workbench/api/node/extensionHostProcess.js:150:116672)
	at /usr/lib/code/out/vs/workbench/api/node/extensionHostProcess.js:150:133304
	at Oe.s (/usr/lib/code/out/vs/workbench/api/node/extensionHostProcess.js:150:121610)
	at Oe.$provideDocumentColors (/usr/lib/code/out/vs/workbench/api/node/extensionHostProcess.js:150:133292)
	at s.S (/usr/lib/code/out/vs/workbench/api/node/extensionHostProcess.js:147:5519)
	at s.Q (/usr/lib/code/out/vs/workbench/api/node/extensionHostProcess.js:147:5285)
	at s.M (/usr/lib/code/out/vs/workbench/api/node/extensionHostProcess.js:147:4337)
	at s.L (/usr/lib/code/out/vs/workbench/api/node/extensionHostProcess.js:147:3454)
	at w.value (/usr/lib/code/out/vs/workbench/api/node/extensionHostProcess.js:147:2241)
	at n.y (/usr/lib/code/out/vs/workbench/api/node/extensionHostProcess.js:80:1902)
	at n.fire (/usr/lib/code/out/vs/workbench/api/node/extensionHostProcess.js:80:2119)
	at r.fire (/usr/lib/code/out/vs/workbench/api/node/extensionHostProcess.js:105:14091)
	at w.value (/usr/lib/code/out/vs/workbench/api/node/extensionHostProcess.js:173:8050)
	at n.y (/usr/lib/code/out/vs/workbench/api/node/extensionHostProcess.js:80:1902)
	at n.fire (/usr/lib/code/out/vs/workbench/api/node/extensionHostProcess.js:80:2119)
	at r.fire (/usr/lib/code/out/vs/workbench/api/node/extensionHostProcess.js:105:14091)
	at MessagePortMain.<anonymous> (/usr/lib/code/out/vs/workbench/api/node/extensionHostProcess.js:173:6330)
	at MessagePortMain.emit (node:events:514:28)
	at Object.emit (node:electron/js2c/utility_init:2:2285)
2024-03-06 18:46:11.405 [error] Cannot read properties of undefined (reading 'color'): TypeError: Cannot read properties of undefined (reading 'color')
	at t.default.provideDocumentColors (/home/rotler/.vscode-oss/extensions/circlecodesolution.ccs-flutter-color-1.2.2-universal/dist/extension.js:2:1281)
	at de.provideColors (/usr/lib/code/out/vs/workbench/api/node/extensionHostProcess.js:150:116672)
	at /usr/lib/code/out/vs/workbench/api/node/extensionHostProcess.js:150:133304
	at Oe.s (/usr/lib/code/out/vs/workbench/api/node/extensionHostProcess.js:150:121610)
	at Oe.$provideDocumentColors (/usr/lib/code/out/vs/workbench/api/node/extensionHostProcess.js:150:133292)
	at s.S (/usr/lib/code/out/vs/workbench/api/node/extensionHostProcess.js:147:5519)
	at s.Q (/usr/lib/code/out/vs/workbench/api/node/extensionHostProcess.js:147:5285)
	at s.M (/usr/lib/code/out/vs/workbench/api/node/extensionHostProcess.js:147:4337)
	at s.L (/usr/lib/code/out/vs/workbench/api/node/extensionHostProcess.js:147:3454)
	at w.value (/usr/lib/code/out/vs/workbench/api/node/extensionHostProcess.js:147:2241)
	at n.y (/usr/lib/code/out/vs/workbench/api/node/extensionHostProcess.js:80:1902)
	at n.fire (/usr/lib/code/out/vs/workbench/api/node/extensionHostProcess.js:80:2119)
	at r.fire (/usr/lib/code/out/vs/workbench/api/node/extensionHostProcess.js:105:14091)
	at w.value (/usr/lib/code/out/vs/workbench/api/node/extensionHostProcess.js:173:8050)
	at n.y (/usr/lib/code/out/vs/workbench/api/node/extensionHostProcess.js:80:1902)
	at n.fire (/usr/lib/code/out/vs/workbench/api/node/extensionHostProcess.js:80:2119)
	at r.fire (/usr/lib/code/out/vs/workbench/api/node/extensionHostProcess.js:105:14091)
	at MessagePortMain.<anonymous> (/usr/lib/code/out/vs/workbench/api/node/extensionHostProcess.js:173:6330)
	at MessagePortMain.emit (node:events:514:28)
	at Object.emit (node:electron/js2c/utility_init:2:2285)
2024-03-06 18:46:13.116 [error] Cannot read properties of undefined (reading 'color'): TypeError: Cannot read properties of undefined (reading 'color')
	at t.default.provideDocumentColors (/home/rotler/.vscode-oss/extensions/circlecodesolution.ccs-flutter-color-1.2.2-universal/dist/extension.js:2:1281)
	at de.provideColors (/usr/lib/code/out/vs/workbench/api/node/extensionHostProcess.js:150:116672)
	at /usr/lib/code/out/vs/workbench/api/node/extensionHostProcess.js:150:133304
	at Oe.s (/usr/lib/code/out/vs/workbench/api/node/extensionHostProcess.js:150:121610)
	at Oe.$provideDocumentColors (/usr/lib/code/out/vs/workbench/api/node/extensionHostProcess.js:150:133292)
	at s.S (/usr/lib/code/out/vs/workbench/api/node/extensionHostProcess.js:147:5519)
	at s.Q (/usr/lib/code/out/vs/workbench/api/node/extensionHostProcess.js:147:5285)
	at s.M (/usr/lib/code/out/vs/workbench/api/node/extensionHostProcess.js:147:4337)
	at s.L (/usr/lib/code/out/vs/workbench/api/node/extensionHostProcess.js:147:3454)
	at w.value (/usr/lib/code/out/vs/workbench/api/node/extensionHostProcess.js:147:2241)
	at n.y (/usr/lib/code/out/vs/workbench/api/node/extensionHostProcess.js:80:1902)
	at n.fire (/usr/lib/code/out/vs/workbench/api/node/extensionHostProcess.js:80:2119)
	at r.fire (/usr/lib/code/out/vs/workbench/api/node/extensionHostProcess.js:105:14091)
	at w.value (/usr/lib/code/out/vs/workbench/api/node/extensionHostProcess.js:173:8050)
	at n.y (/usr/lib/code/out/vs/workbench/api/node/extensionHostProcess.js:80:1902)
	at n.fire (/usr/lib/code/out/vs/workbench/api/node/extensionHostProcess.js:80:2119)
	at r.fire (/usr/lib/code/out/vs/workbench/api/node/extensionHostProcess.js:105:14091)
	at MessagePortMain.<anonymous> (/usr/lib/code/out/vs/workbench/api/node/extensionHostProcess.js:173:6330)
	at MessagePortMain.emit (node:events:514:28)
	at Object.emit (node:electron/js2c/utility_init:2:2285)
2024-03-06 18:46:18.595 [error] Cannot read properties of undefined (reading 'color'): TypeError: Cannot read properties of undefined (reading 'color')
	at t.default.provideDocumentColors (/home/rotler/.vscode-oss/extensions/circlecodesolution.ccs-flutter-color-1.2.2-universal/dist/extension.js:2:1281)
	at de.provideColors (/usr/lib/code/out/vs/workbench/api/node/extensionHostProcess.js:150:116672)
	at /usr/lib/code/out/vs/workbench/api/node/extensionHostProcess.js:150:133304
	at Oe.s (/usr/lib/code/out/vs/workbench/api/node/extensionHostProcess.js:150:121610)
	at Oe.$provideDocumentColors (/usr/lib/code/out/vs/workbench/api/node/extensionHostProcess.js:150:133292)
	at s.S (/usr/lib/code/out/vs/workbench/api/node/extensionHostProcess.js:147:5519)
	at s.Q (/usr/lib/code/out/vs/workbench/api/node/extensionHostProcess.js:147:5285)
	at s.M (/usr/lib/code/out/vs/workbench/api/node/extensionHostProcess.js:147:4337)
	at s.L (/usr/lib/code/out/vs/workbench/api/node/extensionHostProcess.js:147:3454)
	at w.value (/usr/lib/code/out/vs/workbench/api/node/extensionHostProcess.js:147:2241)
	at n.y (/usr/lib/code/out/vs/workbench/api/node/extensionHostProcess.js:80:1902)
	at n.fire (/usr/lib/code/out/vs/workbench/api/node/extensionHostProcess.js:80:2119)
	at r.fire (/usr/lib/code/out/vs/workbench/api/node/extensionHostProcess.js:105:14091)
	at w.value (/usr/lib/code/out/vs/workbench/api/node/extensionHostProcess.js:173:8050)
	at n.y (/usr/lib/code/out/vs/workbench/api/node/extensionHostProcess.js:80:1902)
	at n.fire (/usr/lib/code/out/vs/workbench/api/node/extensionHostProcess.js:80:2119)
	at r.fire (/usr/lib/code/out/vs/workbench/api/node/extensionHostProcess.js:105:14091)
	at MessagePortMain.<anonymous> (/usr/lib/code/out/vs/workbench/api/node/extensionHostProcess.js:173:6330)
	at MessagePortMain.emit (node:events:514:28)
	at Object.emit (node:electron/js2c/utility_init:2:2285)
2024-03-06 18:46:23.294 [error] Cannot read properties of undefined (reading 'color'): TypeError: Cannot read properties of undefined (reading 'color')
	at t.default.provideDocumentColors (/home/rotler/.vscode-oss/extensions/circlecodesolution.ccs-flutter-color-1.2.2-universal/dist/extension.js:2:1281)
	at de.provideColors (/usr/lib/code/out/vs/workbench/api/node/extensionHostProcess.js:150:116672)
	at /usr/lib/code/out/vs/workbench/api/node/extensionHostProcess.js:150:133304
	at Oe.s (/usr/lib/code/out/vs/workbench/api/node/extensionHostProcess.js:150:121610)
	at Oe.$provideDocumentColors (/usr/lib/code/out/vs/workbench/api/node/extensionHostProcess.js:150:133292)
	at s.S (/usr/lib/code/out/vs/workbench/api/node/extensionHostProcess.js:147:5519)
	at s.Q (/usr/lib/code/out/vs/workbench/api/node/extensionHostProcess.js:147:5285)
	at s.M (/usr/lib/code/out/vs/workbench/api/node/extensionHostProcess.js:147:4337)
	at s.L (/usr/lib/code/out/vs/workbench/api/node/extensionHostProcess.js:147:3454)
	at w.value (/usr/lib/code/out/vs/workbench/api/node/extensionHostProcess.js:147:2241)
	at n.y (/usr/lib/code/out/vs/workbench/api/node/extensionHostProcess.js:80:1902)
	at n.fire (/usr/lib/code/out/vs/workbench/api/node/extensionHostProcess.js:80:2119)
	at r.fire (/usr/lib/code/out/vs/workbench/api/node/extensionHostProcess.js:105:14091)
	at w.value (/usr/lib/code/out/vs/workbench/api/node/extensionHostProcess.js:173:8050)
	at n.y (/usr/lib/code/out/vs/workbench/api/node/extensionHostProcess.js:80:1902)
	at n.fire (/usr/lib/code/out/vs/workbench/api/node/extensionHostProcess.js:80:2119)
	at r.fire (/usr/lib/code/out/vs/workbench/api/node/extensionHostProcess.js:105:14091)
	at MessagePortMain.<anonymous> (/usr/lib/code/out/vs/workbench/api/node/extensionHostProcess.js:173:6330)
	at MessagePortMain.emit (node:events:514:28)
	at Object.emit (node:electron/js2c/utility_init:2:2285)
2024-03-06 18:46:50.217 [error] Cannot read properties of undefined (reading 'color'): TypeError: Cannot read properties of undefined (reading 'color')
	at t.default.provideDocumentColors (/home/rotler/.vscode-oss/extensions/circlecodesolution.ccs-flutter-color-1.2.2-universal/dist/extension.js:2:1281)
	at de.provideColors (/usr/lib/code/out/vs/workbench/api/node/extensionHostProcess.js:150:116672)
	at /usr/lib/code/out/vs/workbench/api/node/extensionHostProcess.js:150:133304
	at Oe.s (/usr/lib/code/out/vs/workbench/api/node/extensionHostProcess.js:150:121610)
	at Oe.$provideDocumentColors (/usr/lib/code/out/vs/workbench/api/node/extensionHostProcess.js:150:133292)
	at s.S (/usr/lib/code/out/vs/workbench/api/node/extensionHostProcess.js:147:5519)
	at s.Q (/usr/lib/code/out/vs/workbench/api/node/extensionHostProcess.js:147:5285)
	at s.M (/usr/lib/code/out/vs/workbench/api/node/extensionHostProcess.js:147:4337)
	at s.L (/usr/lib/code/out/vs/workbench/api/node/extensionHostProcess.js:147:3454)
	at w.value (/usr/lib/code/out/vs/workbench/api/node/extensionHostProcess.js:147:2241)
	at n.y (/usr/lib/code/out/vs/workbench/api/node/extensionHostProcess.js:80:1902)
	at n.fire (/usr/lib/code/out/vs/workbench/api/node/extensionHostProcess.js:80:2119)
	at r.fire (/usr/lib/code/out/vs/workbench/api/node/extensionHostProcess.js:105:14091)
	at w.value (/usr/lib/code/out/vs/workbench/api/node/extensionHostProcess.js:173:8050)
	at n.y (/usr/lib/code/out/vs/workbench/api/node/extensionHostProcess.js:80:1902)
	at n.fire (/usr/lib/code/out/vs/workbench/api/node/extensionHostProcess.js:80:2119)
	at r.fire (/usr/lib/code/out/vs/workbench/api/node/extensionHostProcess.js:105:14091)
	at MessagePortMain.<anonymous> (/usr/lib/code/out/vs/workbench/api/node/extensionHostProcess.js:173:6330)
	at MessagePortMain.emit (node:events:514:28)
	at Object.emit (node:electron/js2c/utility_init:2:2285)
2024-03-06 18:46:54.299 [error] Cannot read properties of undefined (reading 'color'): TypeError: Cannot read properties of undefined (reading 'color')
	at t.default.provideDocumentColors (/home/rotler/.vscode-oss/extensions/circlecodesolution.ccs-flutter-color-1.2.2-universal/dist/extension.js:2:1281)
	at de.provideColors (/usr/lib/code/out/vs/workbench/api/node/extensionHostProcess.js:150:116672)
	at /usr/lib/code/out/vs/workbench/api/node/extensionHostProcess.js:150:133304
	at Oe.s (/usr/lib/code/out/vs/workbench/api/node/extensionHostProcess.js:150:121610)
	at Oe.$provideDocumentColors (/usr/lib/code/out/vs/workbench/api/node/extensionHostProcess.js:150:133292)
	at s.S (/usr/lib/code/out/vs/workbench/api/node/extensionHostProcess.js:147:5519)
	at s.Q (/usr/lib/code/out/vs/workbench/api/node/extensionHostProcess.js:147:5285)
	at s.M (/usr/lib/code/out/vs/workbench/api/node/extensionHostProcess.js:147:4337)
	at s.L (/usr/lib/code/out/vs/workbench/api/node/extensionHostProcess.js:147:3454)
	at w.value (/usr/lib/code/out/vs/workbench/api/node/extensionHostProcess.js:147:2241)
	at n.y (/usr/lib/code/out/vs/workbench/api/node/extensionHostProcess.js:80:1902)
	at n.fire (/usr/lib/code/out/vs/workbench/api/node/extensionHostProcess.js:80:2119)
	at r.fire (/usr/lib/code/out/vs/workbench/api/node/extensionHostProcess.js:105:14091)
	at w.value (/usr/lib/code/out/vs/workbench/api/node/extensionHostProcess.js:173:8050)
	at n.y (/usr/lib/code/out/vs/workbench/api/node/extensionHostProcess.js:80:1902)
	at n.fire (/usr/lib/code/out/vs/workbench/api/node/extensionHostProcess.js:80:2119)
	at r.fire (/usr/lib/code/out/vs/workbench/api/node/extensionHostProcess.js:105:14091)
	at MessagePortMain.<anonymous> (/usr/lib/code/out/vs/workbench/api/node/extensionHostProcess.js:173:6330)
	at MessagePortMain.emit (node:events:514:28)
	at Object.emit (node:electron/js2c/utility_init:2:2285)
2024-03-06 18:46:58.170 [error] Cannot read properties of undefined (reading 'color'): TypeError: Cannot read properties of undefined (reading 'color')
	at t.default.provideDocumentColors (/home/rotler/.vscode-oss/extensions/circlecodesolution.ccs-flutter-color-1.2.2-universal/dist/extension.js:2:1281)
	at de.provideColors (/usr/lib/code/out/vs/workbench/api/node/extensionHostProcess.js:150:116672)
	at /usr/lib/code/out/vs/workbench/api/node/extensionHostProcess.js:150:133304
	at Oe.s (/usr/lib/code/out/vs/workbench/api/node/extensionHostProcess.js:150:121610)
	at Oe.$provideDocumentColors (/usr/lib/code/out/vs/workbench/api/node/extensionHostProcess.js:150:133292)
	at s.S (/usr/lib/code/out/vs/workbench/api/node/extensionHostProcess.js:147:5519)
	at s.Q (/usr/lib/code/out/vs/workbench/api/node/extensionHostProcess.js:147:5285)
	at s.M (/usr/lib/code/out/vs/workbench/api/node/extensionHostProcess.js:147:4337)
	at s.L (/usr/lib/code/out/vs/workbench/api/node/extensionHostProcess.js:147:3454)
	at w.value (/usr/lib/code/out/vs/workbench/api/node/extensionHostProcess.js:147:2241)
	at n.y (/usr/lib/code/out/vs/workbench/api/node/extensionHostProcess.js:80:1902)
	at n.fire (/usr/lib/code/out/vs/workbench/api/node/extensionHostProcess.js:80:2119)
	at r.fire (/usr/lib/code/out/vs/workbench/api/node/extensionHostProcess.js:105:14091)
	at w.value (/usr/lib/code/out/vs/workbench/api/node/extensionHostProcess.js:173:8050)
	at n.y (/usr/lib/code/out/vs/workbench/api/node/extensionHostProcess.js:80:1902)
	at n.fire (/usr/lib/code/out/vs/workbench/api/node/extensionHostProcess.js:80:2119)
	at r.fire (/usr/lib/code/out/vs/workbench/api/node/extensionHostProcess.js:105:14091)
	at MessagePortMain.<anonymous> (/usr/lib/code/out/vs/workbench/api/node/extensionHostProcess.js:173:6330)
	at MessagePortMain.emit (node:events:514:28)
	at Object.emit (node:electron/js2c/utility_init:2:2285)
2024-03-06 18:47:12.561 [error] Cannot read properties of undefined (reading 'color'): TypeError: Cannot read properties of undefined (reading 'color')
	at t.default.provideDocumentColors (/home/rotler/.vscode-oss/extensions/circlecodesolution.ccs-flutter-color-1.2.2-universal/dist/extension.js:2:1281)
	at de.provideColors (/usr/lib/code/out/vs/workbench/api/node/extensionHostProcess.js:150:116672)
	at /usr/lib/code/out/vs/workbench/api/node/extensionHostProcess.js:150:133304
	at Oe.s (/usr/lib/code/out/vs/workbench/api/node/extensionHostProcess.js:150:121610)
	at Oe.$provideDocumentColors (/usr/lib/code/out/vs/workbench/api/node/extensionHostProcess.js:150:133292)
	at s.S (/usr/lib/code/out/vs/workbench/api/node/extensionHostProcess.js:147:5519)
	at s.Q (/usr/lib/code/out/vs/workbench/api/node/extensionHostProcess.js:147:5285)
	at s.M (/usr/lib/code/out/vs/workbench/api/node/extensionHostProcess.js:147:4337)
	at s.L (/usr/lib/code/out/vs/workbench/api/node/extensionHostProcess.js:147:3454)
	at w.value (/usr/lib/code/out/vs/workbench/api/node/extensionHostProcess.js:147:2241)
	at n.y (/usr/lib/code/out/vs/workbench/api/node/extensionHostProcess.js:80:1902)
	at n.fire (/usr/lib/code/out/vs/workbench/api/node/extensionHostProcess.js:80:2119)
	at r.fire (/usr/lib/code/out/vs/workbench/api/node/extensionHostProcess.js:105:14091)
	at w.value (/usr/lib/code/out/vs/workbench/api/node/extensionHostProcess.js:173:8050)
	at n.y (/usr/lib/code/out/vs/workbench/api/node/extensionHostProcess.js:80:1902)
	at n.fire (/usr/lib/code/out/vs/workbench/api/node/extensionHostProcess.js:80:2119)
	at r.fire (/usr/lib/code/out/vs/workbench/api/node/extensionHostProcess.js:105:14091)
	at MessagePortMain.<anonymous> (/usr/lib/code/out/vs/workbench/api/node/extensionHostProcess.js:173:6330)
	at MessagePortMain.emit (node:events:514:28)
	at Object.emit (node:electron/js2c/utility_init:2:2285)
2024-03-06 18:47:14.190 [error] Cannot read properties of undefined (reading 'color'): TypeError: Cannot read properties of undefined (reading 'color')
	at t.default.provideDocumentColors (/home/rotler/.vscode-oss/extensions/circlecodesolution.ccs-flutter-color-1.2.2-universal/dist/extension.js:2:1281)
	at de.provideColors (/usr/lib/code/out/vs/workbench/api/node/extensionHostProcess.js:150:116672)
	at /usr/lib/code/out/vs/workbench/api/node/extensionHostProcess.js:150:133304
	at Oe.s (/usr/lib/code/out/vs/workbench/api/node/extensionHostProcess.js:150:121610)
	at Oe.$provideDocumentColors (/usr/lib/code/out/vs/workbench/api/node/extensionHostProcess.js:150:133292)
	at s.S (/usr/lib/code/out/vs/workbench/api/node/extensionHostProcess.js:147:5519)
	at s.Q (/usr/lib/code/out/vs/workbench/api/node/extensionHostProcess.js:147:5285)
	at s.M (/usr/lib/code/out/vs/workbench/api/node/extensionHostProcess.js:147:4337)
	at s.L (/usr/lib/code/out/vs/workbench/api/node/extensionHostProcess.js:147:3454)
	at w.value (/usr/lib/code/out/vs/workbench/api/node/extensionHostProcess.js:147:2241)
	at n.y (/usr/lib/code/out/vs/workbench/api/node/extensionHostProcess.js:80:1902)
	at n.fire (/usr/lib/code/out/vs/workbench/api/node/extensionHostProcess.js:80:2119)
	at r.fire (/usr/lib/code/out/vs/workbench/api/node/extensionHostProcess.js:105:14091)
	at w.value (/usr/lib/code/out/vs/workbench/api/node/extensionHostProcess.js:173:8050)
	at n.y (/usr/lib/code/out/vs/workbench/api/node/extensionHostProcess.js:80:1902)
	at n.fire (/usr/lib/code/out/vs/workbench/api/node/extensionHostProcess.js:80:2119)
	at r.fire (/usr/lib/code/out/vs/workbench/api/node/extensionHostProcess.js:105:14091)
	at MessagePortMain.<anonymous> (/usr/lib/code/out/vs/workbench/api/node/extensionHostProcess.js:173:6330)
	at MessagePortMain.emit (node:events:514:28)
	at Object.emit (node:electron/js2c/utility_init:2:2285)
2024-03-06 18:47:17.004 [error] Cannot read properties of undefined (reading 'color'): TypeError: Cannot read properties of undefined (reading 'color')
	at t.default.provideDocumentColors (/home/rotler/.vscode-oss/extensions/circlecodesolution.ccs-flutter-color-1.2.2-universal/dist/extension.js:2:1281)
	at de.provideColors (/usr/lib/code/out/vs/workbench/api/node/extensionHostProcess.js:150:116672)
	at /usr/lib/code/out/vs/workbench/api/node/extensionHostProcess.js:150:133304
	at Oe.s (/usr/lib/code/out/vs/workbench/api/node/extensionHostProcess.js:150:121610)
	at Oe.$provideDocumentColors (/usr/lib/code/out/vs/workbench/api/node/extensionHostProcess.js:150:133292)
	at s.S (/usr/lib/code/out/vs/workbench/api/node/extensionHostProcess.js:147:5519)
	at s.Q (/usr/lib/code/out/vs/workbench/api/node/extensionHostProcess.js:147:5285)
	at s.M (/usr/lib/code/out/vs/workbench/api/node/extensionHostProcess.js:147:4337)
	at s.L (/usr/lib/code/out/vs/workbench/api/node/extensionHostProcess.js:147:3454)
	at w.value (/usr/lib/code/out/vs/workbench/api/node/extensionHostProcess.js:147:2241)
	at n.y (/usr/lib/code/out/vs/workbench/api/node/extensionHostProcess.js:80:1902)
	at n.fire (/usr/lib/code/out/vs/workbench/api/node/extensionHostProcess.js:80:2119)
	at r.fire (/usr/lib/code/out/vs/workbench/api/node/extensionHostProcess.js:105:14091)
	at w.value (/usr/lib/code/out/vs/workbench/api/node/extensionHostProcess.js:173:8050)
	at n.y (/usr/lib/code/out/vs/workbench/api/node/extensionHostProcess.js:80:1902)
	at n.fire (/usr/lib/code/out/vs/workbench/api/node/extensionHostProcess.js:80:2119)
	at r.fire (/usr/lib/code/out/vs/workbench/api/node/extensionHostProcess.js:105:14091)
	at MessagePortMain.<anonymous> (/usr/lib/code/out/vs/workbench/api/node/extensionHostProcess.js:173:6330)
	at MessagePortMain.emit (node:events:514:28)
	at Object.emit (node:electron/js2c/utility_init:2:2285)
2024-03-06 18:47:22.573 [error] Cannot read properties of undefined (reading 'color'): TypeError: Cannot read properties of undefined (reading 'color')
	at t.default.provideDocumentColors (/home/rotler/.vscode-oss/extensions/circlecodesolution.ccs-flutter-color-1.2.2-universal/dist/extension.js:2:1281)
	at de.provideColors (/usr/lib/code/out/vs/workbench/api/node/extensionHostProcess.js:150:116672)
	at /usr/lib/code/out/vs/workbench/api/node/extensionHostProcess.js:150:133304
	at Oe.s (/usr/lib/code/out/vs/workbench/api/node/extensionHostProcess.js:150:121610)
	at Oe.$provideDocumentColors (/usr/lib/code/out/vs/workbench/api/node/extensionHostProcess.js:150:133292)
	at s.S (/usr/lib/code/out/vs/workbench/api/node/extensionHostProcess.js:147:5519)
	at s.Q (/usr/lib/code/out/vs/workbench/api/node/extensionHostProcess.js:147:5285)
	at s.M (/usr/lib/code/out/vs/workbench/api/node/extensionHostProcess.js:147:4337)
	at s.L (/usr/lib/code/out/vs/workbench/api/node/extensionHostProcess.js:147:3454)
	at w.value (/usr/lib/code/out/vs/workbench/api/node/extensionHostProcess.js:147:2241)
	at n.y (/usr/lib/code/out/vs/workbench/api/node/extensionHostProcess.js:80:1902)
	at n.fire (/usr/lib/code/out/vs/workbench/api/node/extensionHostProcess.js:80:2119)
	at r.fire (/usr/lib/code/out/vs/workbench/api/node/extensionHostProcess.js:105:14091)
	at w.value (/usr/lib/code/out/vs/workbench/api/node/extensionHostProcess.js:173:8050)
	at n.y (/usr/lib/code/out/vs/workbench/api/node/extensionHostProcess.js:80:1902)
	at n.fire (/usr/lib/code/out/vs/workbench/api/node/extensionHostProcess.js:80:2119)
	at r.fire (/usr/lib/code/out/vs/workbench/api/node/extensionHostProcess.js:105:14091)
	at MessagePortMain.<anonymous> (/usr/lib/code/out/vs/workbench/api/node/extensionHostProcess.js:173:6330)
	at MessagePortMain.emit (node:events:514:28)
	at Object.emit (node:electron/js2c/utility_init:2:2285)
2024-03-06 18:47:58.561 [error] Cannot read properties of undefined (reading 'color'): TypeError: Cannot read properties of undefined (reading 'color')
	at t.default.provideDocumentColors (/home/rotler/.vscode-oss/extensions/circlecodesolution.ccs-flutter-color-1.2.2-universal/dist/extension.js:2:1281)
	at de.provideColors (/usr/lib/code/out/vs/workbench/api/node/extensionHostProcess.js:150:116672)
	at /usr/lib/code/out/vs/workbench/api/node/extensionHostProcess.js:150:133304
	at Oe.s (/usr/lib/code/out/vs/workbench/api/node/extensionHostProcess.js:150:121610)
	at Oe.$provideDocumentColors (/usr/lib/code/out/vs/workbench/api/node/extensionHostProcess.js:150:133292)
	at s.S (/usr/lib/code/out/vs/workbench/api/node/extensionHostProcess.js:147:5519)
	at s.Q (/usr/lib/code/out/vs/workbench/api/node/extensionHostProcess.js:147:5285)
	at s.M (/usr/lib/code/out/vs/workbench/api/node/extensionHostProcess.js:147:4337)
	at s.L (/usr/lib/code/out/vs/workbench/api/node/extensionHostProcess.js:147:3454)
	at w.value (/usr/lib/code/out/vs/workbench/api/node/extensionHostProcess.js:147:2241)
	at n.y (/usr/lib/code/out/vs/workbench/api/node/extensionHostProcess.js:80:1902)
	at n.fire (/usr/lib/code/out/vs/workbench/api/node/extensionHostProcess.js:80:2119)
	at r.fire (/usr/lib/code/out/vs/workbench/api/node/extensionHostProcess.js:105:14091)
	at w.value (/usr/lib/code/out/vs/workbench/api/node/extensionHostProcess.js:173:8050)
	at n.y (/usr/lib/code/out/vs/workbench/api/node/extensionHostProcess.js:80:1902)
	at n.fire (/usr/lib/code/out/vs/workbench/api/node/extensionHostProcess.js:80:2119)
	at r.fire (/usr/lib/code/out/vs/workbench/api/node/extensionHostProcess.js:105:14091)
	at MessagePortMain.<anonymous> (/usr/lib/code/out/vs/workbench/api/node/extensionHostProcess.js:173:6330)
	at MessagePortMain.emit (node:events:514:28)
	at Object.emit (node:electron/js2c/utility_init:2:2285)
2024-03-06 18:48:01.403 [error] Cannot read properties of undefined (reading 'color'): TypeError: Cannot read properties of undefined (reading 'color')
	at t.default.provideDocumentColors (/home/rotler/.vscode-oss/extensions/circlecodesolution.ccs-flutter-color-1.2.2-universal/dist/extension.js:2:1281)
	at de.provideColors (/usr/lib/code/out/vs/workbench/api/node/extensionHostProcess.js:150:116672)
	at /usr/lib/code/out/vs/workbench/api/node/extensionHostProcess.js:150:133304
	at Oe.s (/usr/lib/code/out/vs/workbench/api/node/extensionHostProcess.js:150:121610)
	at Oe.$provideDocumentColors (/usr/lib/code/out/vs/workbench/api/node/extensionHostProcess.js:150:133292)
	at s.S (/usr/lib/code/out/vs/workbench/api/node/extensionHostProcess.js:147:5519)
	at s.Q (/usr/lib/code/out/vs/workbench/api/node/extensionHostProcess.js:147:5285)
	at s.M (/usr/lib/code/out/vs/workbench/api/node/extensionHostProcess.js:147:4337)
	at s.L (/usr/lib/code/out/vs/workbench/api/node/extensionHostProcess.js:147:3454)
	at w.value (/usr/lib/code/out/vs/workbench/api/node/extensionHostProcess.js:147:2241)
	at n.y (/usr/lib/code/out/vs/workbench/api/node/extensionHostProcess.js:80:1902)
	at n.fire (/usr/lib/code/out/vs/workbench/api/node/extensionHostProcess.js:80:2119)
	at r.fire (/usr/lib/code/out/vs/workbench/api/node/extensionHostProcess.js:105:14091)
	at w.value (/usr/lib/code/out/vs/workbench/api/node/extensionHostProcess.js:173:8050)
	at n.y (/usr/lib/code/out/vs/workbench/api/node/extensionHostProcess.js:80:1902)
	at n.fire (/usr/lib/code/out/vs/workbench/api/node/extensionHostProcess.js:80:2119)
	at r.fire (/usr/lib/code/out/vs/workbench/api/node/extensionHostProcess.js:105:14091)
	at MessagePortMain.<anonymous> (/usr/lib/code/out/vs/workbench/api/node/extensionHostProcess.js:173:6330)
	at MessagePortMain.emit (node:events:514:28)
	at Object.emit (node:electron/js2c/utility_init:2:2285)
2024-03-06 18:48:13.804 [error] Cannot read properties of undefined (reading 'color'): TypeError: Cannot read properties of undefined (reading 'color')
	at t.default.provideDocumentColors (/home/rotler/.vscode-oss/extensions/circlecodesolution.ccs-flutter-color-1.2.2-universal/dist/extension.js:2:1281)
	at de.provideColors (/usr/lib/code/out/vs/workbench/api/node/extensionHostProcess.js:150:116672)
	at /usr/lib/code/out/vs/workbench/api/node/extensionHostProcess.js:150:133304
	at Oe.s (/usr/lib/code/out/vs/workbench/api/node/extensionHostProcess.js:150:121610)
	at Oe.$provideDocumentColors (/usr/lib/code/out/vs/workbench/api/node/extensionHostProcess.js:150:133292)
	at s.S (/usr/lib/code/out/vs/workbench/api/node/extensionHostProcess.js:147:5519)
	at s.Q (/usr/lib/code/out/vs/workbench/api/node/extensionHostProcess.js:147:5285)
	at s.M (/usr/lib/code/out/vs/workbench/api/node/extensionHostProcess.js:147:4337)
	at s.L (/usr/lib/code/out/vs/workbench/api/node/extensionHostProcess.js:147:3454)
	at w.value (/usr/lib/code/out/vs/workbench/api/node/extensionHostProcess.js:147:2241)
	at n.y (/usr/lib/code/out/vs/workbench/api/node/extensionHostProcess.js:80:1902)
	at n.fire (/usr/lib/code/out/vs/workbench/api/node/extensionHostProcess.js:80:2119)
	at r.fire (/usr/lib/code/out/vs/workbench/api/node/extensionHostProcess.js:105:14091)
	at w.value (/usr/lib/code/out/vs/workbench/api/node/extensionHostProcess.js:173:8050)
	at n.y (/usr/lib/code/out/vs/workbench/api/node/extensionHostProcess.js:80:1902)
	at n.fire (/usr/lib/code/out/vs/workbench/api/node/extensionHostProcess.js:80:2119)
	at r.fire (/usr/lib/code/out/vs/workbench/api/node/extensionHostProcess.js:105:14091)
	at MessagePortMain.<anonymous> (/usr/lib/code/out/vs/workbench/api/node/extensionHostProcess.js:173:6330)
	at MessagePortMain.emit (node:events:514:28)
	at Object.emit (node:electron/js2c/utility_init:2:2285)
