2024-03-06 21:25:37.192 [info] Extension host with pid 7345 started
2024-03-06 21:25:37.192 [info] Skipping acquiring lock for /home/rotler/.config/Code - OSS/User/workspaceStorage/436b11df1aef6ec9af5bc0f850cd4bd1.
2024-03-06 21:25:37.642 [info] ExtensionService#_doActivateExtension vscode.emmet, startup: false, activationEvent: 'onLanguage'
2024-03-06 21:25:37.986 [info] ExtensionService#_doActivateExtension vscode.git-base, startup: true, activationEvent: '*', root cause: vscode.git
2024-03-06 21:25:38.046 [info] ExtensionService#_doActivateExtension vscode.git, startup: true, activationEvent: '*'
2024-03-06 21:25:38.085 [info] ExtensionService#_doActivateExtension vscode.github, startup: true, activationEvent: '*'
2024-03-06 21:25:38.159 [info] Eager extensions activated
2024-03-06 21:25:38.211 [info] ExtensionService#_doActivateExtension vscode.debug-auto-launch, startup: false, activationEvent: 'onStartupFinished'
2024-03-06 21:25:38.214 [info] ExtensionService#_doActivateExtension vscode.merge-conflict, startup: false, activationEvent: 'onStartupFinished'
2024-03-06 21:25:38.234 [info] ExtensionService#_doActivateExtension circlecodesolution.ccs-flutter-color, startup: false, activationEvent: 'onStartupFinished'
2024-03-06 21:25:38.240 [info] ExtensionService#_doActivateExtension sainnhe.gruvbox-material, startup: false, activationEvent: 'onStartupFinished'
2024-03-06 21:25:38.324 [error] [circlecodesolution.ccs-flutter-color] provider FAILED
2024-03-06 21:25:38.327 [error] TypeError: Cannot read properties of undefined (reading 'color')
	at t.default.provideDocumentColors (/home/rotler/.vscode-oss/extensions/circlecodesolution.ccs-flutter-color-1.2.2-universal/dist/extension.js:2:1281)
	at de.provideColors (/usr/lib/code/out/vs/workbench/api/node/extensionHostProcess.js:150:116672)
	at /usr/lib/code/out/vs/workbench/api/node/extensionHostProcess.js:150:133304
	at Oe.s (/usr/lib/code/out/vs/workbench/api/node/extensionHostProcess.js:150:121610)
	at Oe.$provideDocumentColors (/usr/lib/code/out/vs/workbench/api/node/extensionHostProcess.js:150:133292)
	at s.S (/usr/lib/code/out/vs/workbench/api/node/extensionHostProcess.js:147:5519)
	at s.Q (/usr/lib/code/out/vs/workbench/api/node/extensionHostProcess.js:147:5285)
	at s.M (/usr/lib/code/out/vs/workbench/api/node/extensionHostProcess.js:147:4337)
	at s.L (/usr/lib/code/out/vs/workbench/api/node/extensionHostProcess.js:147:3454)
	at w.value (/usr/lib/code/out/vs/workbench/api/node/extensionHostProcess.js:147:2241)
	at n.y (/usr/lib/code/out/vs/workbench/api/node/extensionHostProcess.js:80:1902)
	at n.fire (/usr/lib/code/out/vs/workbench/api/node/extensionHostProcess.js:80:2119)
	at r.fire (/usr/lib/code/out/vs/workbench/api/node/extensionHostProcess.js:105:14091)
	at w.value (/usr/lib/code/out/vs/workbench/api/node/extensionHostProcess.js:173:8050)
	at n.y (/usr/lib/code/out/vs/workbench/api/node/extensionHostProcess.js:80:1902)
	at n.fire (/usr/lib/code/out/vs/workbench/api/node/extensionHostProcess.js:80:2119)
	at r.fire (/usr/lib/code/out/vs/workbench/api/node/extensionHostProcess.js:105:14091)
	at MessagePortMain.<anonymous> (/usr/lib/code/out/vs/workbench/api/node/extensionHostProcess.js:173:6330)
	at MessagePortMain.emit (node:events:514:28)
	at Object.emit (node:electron/js2c/utility_init:2:2285)
2024-03-06 21:25:38.328 [error] [circlecodesolution.ccs-flutter-color] provider FAILED
2024-03-06 21:25:38.328 [error] TypeError: Cannot read properties of undefined (reading 'color')
	at t.default.provideDocumentColors (/home/rotler/.vscode-oss/extensions/circlecodesolution.ccs-flutter-color-1.2.2-universal/dist/extension.js:2:1281)
	at de.provideColors (/usr/lib/code/out/vs/workbench/api/node/extensionHostProcess.js:150:116672)
	at /usr/lib/code/out/vs/workbench/api/node/extensionHostProcess.js:150:133304
	at Oe.s (/usr/lib/code/out/vs/workbench/api/node/extensionHostProcess.js:150:121610)
	at Oe.$provideDocumentColors (/usr/lib/code/out/vs/workbench/api/node/extensionHostProcess.js:150:133292)
	at s.S (/usr/lib/code/out/vs/workbench/api/node/extensionHostProcess.js:147:5519)
	at s.Q (/usr/lib/code/out/vs/workbench/api/node/extensionHostProcess.js:147:5285)
	at s.M (/usr/lib/code/out/vs/workbench/api/node/extensionHostProcess.js:147:4337)
	at s.L (/usr/lib/code/out/vs/workbench/api/node/extensionHostProcess.js:147:3454)
	at w.value (/usr/lib/code/out/vs/workbench/api/node/extensionHostProcess.js:147:2241)
	at n.y (/usr/lib/code/out/vs/workbench/api/node/extensionHostProcess.js:80:1902)
	at n.fire (/usr/lib/code/out/vs/workbench/api/node/extensionHostProcess.js:80:2119)
	at r.fire (/usr/lib/code/out/vs/workbench/api/node/extensionHostProcess.js:105:14091)
	at w.value (/usr/lib/code/out/vs/workbench/api/node/extensionHostProcess.js:173:8050)
	at n.y (/usr/lib/code/out/vs/workbench/api/node/extensionHostProcess.js:80:1902)
	at n.fire (/usr/lib/code/out/vs/workbench/api/node/extensionHostProcess.js:80:2119)
	at r.fire (/usr/lib/code/out/vs/workbench/api/node/extensionHostProcess.js:105:14091)
	at MessagePortMain.<anonymous> (/usr/lib/code/out/vs/workbench/api/node/extensionHostProcess.js:173:6330)
	at MessagePortMain.emit (node:events:514:28)
	at Object.emit (node:electron/js2c/utility_init:2:2285)
2024-03-06 21:25:38.694 [info] ExtensionService#_doActivateExtension vscode.github-authentication, startup: false, activationEvent: 'onAuthenticationRequest:github'
2024-03-06 21:25:45.310 [error] [circlecodesolution.ccs-flutter-color] provider FAILED
2024-03-06 21:25:45.313 [error] TypeError: Cannot read properties of undefined (reading 'color')
	at t.default.provideDocumentColors (/home/rotler/.vscode-oss/extensions/circlecodesolution.ccs-flutter-color-1.2.2-universal/dist/extension.js:2:1281)
	at de.provideColors (/usr/lib/code/out/vs/workbench/api/node/extensionHostProcess.js:150:116672)
	at /usr/lib/code/out/vs/workbench/api/node/extensionHostProcess.js:150:133304
	at Oe.s (/usr/lib/code/out/vs/workbench/api/node/extensionHostProcess.js:150:121610)
	at Oe.$provideDocumentColors (/usr/lib/code/out/vs/workbench/api/node/extensionHostProcess.js:150:133292)
	at s.S (/usr/lib/code/out/vs/workbench/api/node/extensionHostProcess.js:147:5519)
	at s.Q (/usr/lib/code/out/vs/workbench/api/node/extensionHostProcess.js:147:5285)
	at s.M (/usr/lib/code/out/vs/workbench/api/node/extensionHostProcess.js:147:4337)
	at s.L (/usr/lib/code/out/vs/workbench/api/node/extensionHostProcess.js:147:3454)
	at w.value (/usr/lib/code/out/vs/workbench/api/node/extensionHostProcess.js:147:2241)
	at n.y (/usr/lib/code/out/vs/workbench/api/node/extensionHostProcess.js:80:1902)
	at n.fire (/usr/lib/code/out/vs/workbench/api/node/extensionHostProcess.js:80:2119)
	at r.fire (/usr/lib/code/out/vs/workbench/api/node/extensionHostProcess.js:105:14091)
	at w.value (/usr/lib/code/out/vs/workbench/api/node/extensionHostProcess.js:173:8050)
	at n.y (/usr/lib/code/out/vs/workbench/api/node/extensionHostProcess.js:80:1902)
	at n.fire (/usr/lib/code/out/vs/workbench/api/node/extensionHostProcess.js:80:2119)
	at r.fire (/usr/lib/code/out/vs/workbench/api/node/extensionHostProcess.js:105:14091)
	at MessagePortMain.<anonymous> (/usr/lib/code/out/vs/workbench/api/node/extensionHostProcess.js:173:6330)
	at MessagePortMain.emit (node:events:514:28)
	at Object.emit (node:electron/js2c/utility_init:2:2285)
2024-03-06 21:25:45.337 [error] [circlecodesolution.ccs-flutter-color] provider FAILED
2024-03-06 21:25:45.340 [error] TypeError: Cannot read properties of undefined (reading 'color')
	at t.default.provideDocumentColors (/home/rotler/.vscode-oss/extensions/circlecodesolution.ccs-flutter-color-1.2.2-universal/dist/extension.js:2:1281)
	at de.provideColors (/usr/lib/code/out/vs/workbench/api/node/extensionHostProcess.js:150:116672)
	at /usr/lib/code/out/vs/workbench/api/node/extensionHostProcess.js:150:133304
	at Oe.s (/usr/lib/code/out/vs/workbench/api/node/extensionHostProcess.js:150:121610)
	at Oe.$provideDocumentColors (/usr/lib/code/out/vs/workbench/api/node/extensionHostProcess.js:150:133292)
	at s.S (/usr/lib/code/out/vs/workbench/api/node/extensionHostProcess.js:147:5519)
	at s.Q (/usr/lib/code/out/vs/workbench/api/node/extensionHostProcess.js:147:5285)
	at s.M (/usr/lib/code/out/vs/workbench/api/node/extensionHostProcess.js:147:4337)
	at s.L (/usr/lib/code/out/vs/workbench/api/node/extensionHostProcess.js:147:3454)
	at w.value (/usr/lib/code/out/vs/workbench/api/node/extensionHostProcess.js:147:2241)
	at n.y (/usr/lib/code/out/vs/workbench/api/node/extensionHostProcess.js:80:1902)
	at n.fire (/usr/lib/code/out/vs/workbench/api/node/extensionHostProcess.js:80:2119)
	at r.fire (/usr/lib/code/out/vs/workbench/api/node/extensionHostProcess.js:105:14091)
	at w.value (/usr/lib/code/out/vs/workbench/api/node/extensionHostProcess.js:173:8050)
	at n.y (/usr/lib/code/out/vs/workbench/api/node/extensionHostProcess.js:80:1902)
	at n.fire (/usr/lib/code/out/vs/workbench/api/node/extensionHostProcess.js:80:2119)
	at r.fire (/usr/lib/code/out/vs/workbench/api/node/extensionHostProcess.js:105:14091)
	at MessagePortMain.<anonymous> (/usr/lib/code/out/vs/workbench/api/node/extensionHostProcess.js:173:6330)
	at MessagePortMain.emit (node:events:514:28)
	at Object.emit (node:electron/js2c/utility_init:2:2285)
2024-03-06 21:25:52.943 [error] [circlecodesolution.ccs-flutter-color] provider FAILED
2024-03-06 21:25:52.943 [error] TypeError: Cannot read properties of undefined (reading 'color')
	at t.default.provideDocumentColors (/home/rotler/.vscode-oss/extensions/circlecodesolution.ccs-flutter-color-1.2.2-universal/dist/extension.js:2:1281)
	at de.provideColors (/usr/lib/code/out/vs/workbench/api/node/extensionHostProcess.js:150:116672)
	at /usr/lib/code/out/vs/workbench/api/node/extensionHostProcess.js:150:133304
	at Oe.s (/usr/lib/code/out/vs/workbench/api/node/extensionHostProcess.js:150:121610)
	at Oe.$provideDocumentColors (/usr/lib/code/out/vs/workbench/api/node/extensionHostProcess.js:150:133292)
	at s.S (/usr/lib/code/out/vs/workbench/api/node/extensionHostProcess.js:147:5519)
	at s.Q (/usr/lib/code/out/vs/workbench/api/node/extensionHostProcess.js:147:5285)
	at s.M (/usr/lib/code/out/vs/workbench/api/node/extensionHostProcess.js:147:4337)
	at s.L (/usr/lib/code/out/vs/workbench/api/node/extensionHostProcess.js:147:3454)
	at w.value (/usr/lib/code/out/vs/workbench/api/node/extensionHostProcess.js:147:2241)
	at n.y (/usr/lib/code/out/vs/workbench/api/node/extensionHostProcess.js:80:1902)
	at n.fire (/usr/lib/code/out/vs/workbench/api/node/extensionHostProcess.js:80:2119)
	at r.fire (/usr/lib/code/out/vs/workbench/api/node/extensionHostProcess.js:105:14091)
	at w.value (/usr/lib/code/out/vs/workbench/api/node/extensionHostProcess.js:173:8050)
	at n.y (/usr/lib/code/out/vs/workbench/api/node/extensionHostProcess.js:80:1902)
	at n.fire (/usr/lib/code/out/vs/workbench/api/node/extensionHostProcess.js:80:2119)
	at r.fire (/usr/lib/code/out/vs/workbench/api/node/extensionHostProcess.js:105:14091)
	at MessagePortMain.<anonymous> (/usr/lib/code/out/vs/workbench/api/node/extensionHostProcess.js:173:6330)
	at MessagePortMain.emit (node:events:514:28)
	at Object.emit (node:electron/js2c/utility_init:2:2285)
2024-03-06 21:25:52.947 [error] [circlecodesolution.ccs-flutter-color] provider FAILED
2024-03-06 21:25:52.948 [error] TypeError: Cannot read properties of undefined (reading 'color')
	at t.default.provideDocumentColors (/home/rotler/.vscode-oss/extensions/circlecodesolution.ccs-flutter-color-1.2.2-universal/dist/extension.js:2:1281)
	at de.provideColors (/usr/lib/code/out/vs/workbench/api/node/extensionHostProcess.js:150:116672)
	at /usr/lib/code/out/vs/workbench/api/node/extensionHostProcess.js:150:133304
	at Oe.s (/usr/lib/code/out/vs/workbench/api/node/extensionHostProcess.js:150:121610)
	at Oe.$provideDocumentColors (/usr/lib/code/out/vs/workbench/api/node/extensionHostProcess.js:150:133292)
	at s.S (/usr/lib/code/out/vs/workbench/api/node/extensionHostProcess.js:147:5519)
	at s.Q (/usr/lib/code/out/vs/workbench/api/node/extensionHostProcess.js:147:5285)
	at s.M (/usr/lib/code/out/vs/workbench/api/node/extensionHostProcess.js:147:4337)
	at s.L (/usr/lib/code/out/vs/workbench/api/node/extensionHostProcess.js:147:3454)
	at w.value (/usr/lib/code/out/vs/workbench/api/node/extensionHostProcess.js:147:2241)
	at n.y (/usr/lib/code/out/vs/workbench/api/node/extensionHostProcess.js:80:1902)
	at n.fire (/usr/lib/code/out/vs/workbench/api/node/extensionHostProcess.js:80:2119)
	at r.fire (/usr/lib/code/out/vs/workbench/api/node/extensionHostProcess.js:105:14091)
	at w.value (/usr/lib/code/out/vs/workbench/api/node/extensionHostProcess.js:173:8050)
	at n.y (/usr/lib/code/out/vs/workbench/api/node/extensionHostProcess.js:80:1902)
	at n.fire (/usr/lib/code/out/vs/workbench/api/node/extensionHostProcess.js:80:2119)
	at r.fire (/usr/lib/code/out/vs/workbench/api/node/extensionHostProcess.js:105:14091)
	at MessagePortMain.<anonymous> (/usr/lib/code/out/vs/workbench/api/node/extensionHostProcess.js:173:6330)
	at MessagePortMain.emit (node:events:514:28)
	at Object.emit (node:electron/js2c/utility_init:2:2285)
